<?xml version="1.0" encoding="UTF-8"?>
<testng-results ignored="0" total="2" passed="2" failed="0" skipped="0">
  <reporter-output>
  </reporter-output>
  <suite started-at="2025-02-26T17:34:19 IST" name="Suite" finished-at="2025-02-26T17:34:39 IST" duration-ms="20366">
    <groups>
      <group name="Master">
        <method signature="TC_001_AccountRegistrationTest.verify_account_registration()[pri:0, instance:testCases.TC_001_AccountRegistrationTest@28276e50]" name="verify_account_registration" class="testCases.TC_001_AccountRegistrationTest"/>
        <method signature="TC_002_LogInTest.verify_LogIn()[pri:0, instance:testCases.TC_002_LogInTest@675d8c96]" name="verify_LogIn" class="testCases.TC_002_LogInTest"/>
      </group> <!-- Master -->
      <group name="Sanity">
        <method signature="TC_001_AccountRegistrationTest.verify_account_registration()[pri:0, instance:testCases.TC_001_AccountRegistrationTest@28276e50]" name="verify_account_registration" class="testCases.TC_001_AccountRegistrationTest"/>
      </group> <!-- Sanity -->
      <group name="Regression">
        <method signature="TC_002_LogInTest.verify_LogIn()[pri:0, instance:testCases.TC_002_LogInTest@675d8c96]" name="verify_LogIn" class="testCases.TC_002_LogInTest"/>
      </group> <!-- Regression -->
    </groups>
    <test started-at="2025-02-26T17:34:19 IST" name="Test" finished-at="2025-02-26T17:34:39 IST" duration-ms="20366">
      <class name="testCases.TC_001_AccountRegistrationTest">
        <test-method is-config="true" signature="setup(java.lang.String,java.lang.String)[pri:0, instance:testCases.TC_001_AccountRegistrationTest@28276e50]" started-at="2025-02-26T17:34:19 IST" name="setup" finished-at="2025-02-26T17:34:27 IST" duration-ms="7991" status="PASS">
          <params>
            <param index="0">
              <value>
                <![CDATA[Windows]]>
              </value>
            </param>
            <param index="1">
              <value>
                <![CDATA[chrome]]>
              </value>
            </param>
          </params>
          <reporter-output>
          </reporter-output>
        </test-method> <!-- setup -->
        <test-method signature="verify_account_registration()[pri:0, instance:testCases.TC_001_AccountRegistrationTest@28276e50]" started-at="2025-02-26T17:34:27 IST" name="verify_account_registration" finished-at="2025-02-26T17:34:30 IST" duration-ms="3368" status="PASS">
          <reporter-output>
          </reporter-output>
        </test-method> <!-- verify_account_registration -->
        <test-method is-config="true" signature="tearDown()[pri:0, instance:testCases.TC_001_AccountRegistrationTest@28276e50]" started-at="2025-02-26T17:34:31 IST" name="tearDown" finished-at="2025-02-26T17:34:31 IST" duration-ms="945" status="PASS">
          <reporter-output>
          </reporter-output>
        </test-method> <!-- tearDown -->
      </class> <!-- testCases.TC_001_AccountRegistrationTest -->
      <class name="testCases.TC_002_LogInTest">
        <test-method is-config="true" signature="setup(java.lang.String,java.lang.String)[pri:0, instance:testCases.TC_002_LogInTest@675d8c96]" started-at="2025-02-26T17:34:31 IST" name="setup" finished-at="2025-02-26T17:34:36 IST" duration-ms="4117" status="PASS">
          <params>
            <param index="0">
              <value>
                <![CDATA[Windows]]>
              </value>
            </param>
            <param index="1">
              <value>
                <![CDATA[chrome]]>
              </value>
            </param>
          </params>
          <reporter-output>
          </reporter-output>
        </test-method> <!-- setup -->
        <test-method signature="verify_LogIn()[pri:0, instance:testCases.TC_002_LogInTest@675d8c96]" started-at="2025-02-26T17:34:36 IST" name="verify_LogIn" finished-at="2025-02-26T17:34:38 IST" duration-ms="2290" status="PASS">
          <reporter-output>
          </reporter-output>
        </test-method> <!-- verify_LogIn -->
        <test-method is-config="true" signature="tearDown()[pri:0, instance:testCases.TC_002_LogInTest@675d8c96]" started-at="2025-02-26T17:34:38 IST" name="tearDown" finished-at="2025-02-26T17:34:39 IST" duration-ms="1018" status="PASS">
          <reporter-output>
          </reporter-output>
        </test-method> <!-- tearDown -->
      </class> <!-- testCases.TC_002_LogInTest -->
    </test> <!-- Test -->
  </suite> <!-- Suite -->
</testng-results>
