<?xml version="1.0" encoding="UTF-8"?>
<testng-results ignored="0" total="2" passed="2" failed="0" skipped="0">
  <reporter-output>
  </reporter-output>
  <suite started-at="2025-02-26T17:24:46 IST" name="Suite" finished-at="2025-02-26T17:25:15 IST" duration-ms="28850">
    <groups>
      <group name="Master">
        <method signature="TC_001_AccountRegistrationTest.verify_account_registration()[pri:0, instance:testCases.TC_001_AccountRegistrationTest@5f3b9c57]" name="verify_account_registration" class="testCases.TC_001_AccountRegistrationTest"/>
        <method signature="TC_002_LogInTest.verify_LogIn()[pri:0, instance:testCases.TC_002_LogInTest@3624da92]" name="verify_LogIn" class="testCases.TC_002_LogInTest"/>
      </group> <!-- Master -->
      <group name="Sanity">
        <method signature="TC_001_AccountRegistrationTest.verify_account_registration()[pri:0, instance:testCases.TC_001_AccountRegistrationTest@5f3b9c57]" name="verify_account_registration" class="testCases.TC_001_AccountRegistrationTest"/>
      </group> <!-- Sanity -->
      <group name="Regression">
        <method signature="TC_002_LogInTest.verify_LogIn()[pri:0, instance:testCases.TC_002_LogInTest@3624da92]" name="verify_LogIn" class="testCases.TC_002_LogInTest"/>
      </group> <!-- Regression -->
    </groups>
    <test started-at="2025-02-26T17:24:46 IST" name="Test" finished-at="2025-02-26T17:25:15 IST" duration-ms="28850">
      <class name="testCases.TC_001_AccountRegistrationTest">
        <test-method is-config="true" signature="setup(java.lang.String,java.lang.String)[pri:0, instance:testCases.TC_001_AccountRegistrationTest@5f3b9c57]" started-at="2025-02-26T17:24:46 IST" name="setup" finished-at="2025-02-26T17:24:58 IST" duration-ms="12081" status="PASS">
          <params>
            <param index="0">
              <value>
                <![CDATA[Windows]]>
              </value>
            </param>
            <param index="1">
              <value>
                <![CDATA[chrome]]>
              </value>
            </param>
          </params>
          <reporter-output>
          </reporter-output>
        </test-method> <!-- setup -->
        <test-method signature="verify_account_registration()[pri:0, instance:testCases.TC_001_AccountRegistrationTest@5f3b9c57]" started-at="2025-02-26T17:24:58 IST" name="verify_account_registration" finished-at="2025-02-26T17:25:04 IST" duration-ms="5862" status="PASS">
          <reporter-output>
          </reporter-output>
        </test-method> <!-- verify_account_registration -->
        <test-method is-config="true" signature="tearDown()[pri:0, instance:testCases.TC_001_AccountRegistrationTest@5f3b9c57]" started-at="2025-02-26T17:25:04 IST" name="tearDown" finished-at="2025-02-26T17:25:05 IST" duration-ms="945" status="PASS">
          <reporter-output>
          </reporter-output>
        </test-method> <!-- tearDown -->
      </class> <!-- testCases.TC_001_AccountRegistrationTest -->
      <class name="testCases.TC_002_LogInTest">
        <test-method is-config="true" signature="setup(java.lang.String,java.lang.String)[pri:0, instance:testCases.TC_002_LogInTest@3624da92]" started-at="2025-02-26T17:25:05 IST" name="setup" finished-at="2025-02-26T17:25:11 IST" duration-ms="5558" status="PASS">
          <params>
            <param index="0">
              <value>
                <![CDATA[Windows]]>
              </value>
            </param>
            <param index="1">
              <value>
                <![CDATA[chrome]]>
              </value>
            </param>
          </params>
          <reporter-output>
          </reporter-output>
        </test-method> <!-- setup -->
        <test-method signature="verify_LogIn()[pri:0, instance:testCases.TC_002_LogInTest@3624da92]" started-at="2025-02-26T17:25:11 IST" name="verify_LogIn" finished-at="2025-02-26T17:25:14 IST" duration-ms="3350" status="PASS">
          <reporter-output>
          </reporter-output>
        </test-method> <!-- verify_LogIn -->
        <test-method is-config="true" signature="tearDown()[pri:0, instance:testCases.TC_002_LogInTest@3624da92]" started-at="2025-02-26T17:25:14 IST" name="tearDown" finished-at="2025-02-26T17:25:15 IST" duration-ms="390" status="PASS">
          <reporter-output>
          </reporter-output>
        </test-method> <!-- tearDown -->
      </class> <!-- testCases.TC_002_LogInTest -->
    </test> <!-- Test -->
  </suite> <!-- Suite -->
</testng-results>
