<?xml version="1.0" encoding="UTF-8"?>
<!-- Generated by org.testng.reporters.JUnitXMLReporter -->
<testsuite ignored="1" hostname="DESKTOP-2I8PV8G" failures="0" tests="2" name="Test" time="36.294" errors="0" timestamp="2025-02-23T21:41:53 IST">
  <testcase classname="testCases.TC_001_AccountRegistrationTest" name="verify_account_registration" time="6.929"/>
  <testcase classname="testCases.TC_002_LogInTest" name="verify_LogIn" time="6.902"/>
  <testcase classname="testCases.TC_003_LoginDDT" name="verify_loginDDT" time="0.0">
    <ignored/>
  </testcase> <!-- verify_loginDDT -->
</testsuite> <!-- Test -->
